Chris Rorden's dcm2niiX version v1.0.20170724 (OpenJPEG build) GCC6.1.0 (64-bit MacOS)
Found 188 DICOM image(s)
Convert 188 DICOM as /Users/erin/Desktop/Projects/MRGFUS/dicoms/9001_SH-11692/2-SAG_FSPGR_BRAVO-/20170527092154_2-SAG_FSPGR_BRAVO- (256x256x188x1)
compress: "/usr/local/bin/pigz" -n -f "/Users/erin/Desktop/Projects/MRGFUS/dicoms/9001_SH-11692/2-SAG_FSPGR_BRAVO-/20170527092154_2-SAG_FSPGR_BRAVO-.nii"
Conversion required 0.600972 seconds (0.188270 for core code).
[?1h=
                                                        < M A T L A B (R) >
                                              Copyright 1984-2017 The MathWorks, Inc.
                                               R2017b (9.3.0.713579) 64-bit (maci64)
                                                         September 14, 2017

 
To get started, type one of these: helpwin, helpdesk, or demo.
For product information, visit www.mathworks.com.
 
Initialising batch system... done.


------------------------------------------------------------------------
Running job #1
------------------------------------------------------------------------
Running 'Segment'

SPM12: spm_preproc_run (v6365)                     10:22:33 - 08/01/2018
========================================================================
[?1h=Segment /Users/erin/Desktop/Projects/MRGFUS/analysis/9001_SH-11692/anat/T1.nii,1
Completed                               :          10:25:38 - 08/01/2018
Done    'Segment'
Done

[?1l>Chris Rorden's dcm2niiX version v1.0.20170724 (OpenJPEG build) GCC6.1.0 (64-bit MacOS)
Found 172 DICOM image(s)
Convert 172 DICOM as /Users/erin/Desktop/Projects/MRGFUS/dicoms/9001_SH-11692/3-Sag_CUBE_T2-/20170527092154_3-Sag_CUBE_T2- (512x512x172x1)
compress: "/usr/local/bin/pigz" -n -f "/Users/erin/Desktop/Projects/MRGFUS/dicoms/9001_SH-11692/3-Sag_CUBE_T2-/20170527092154_3-Sag_CUBE_T2-.nii"
Conversion required 2.114956 seconds (0.495115 for core code).
Chris Rorden's dcm2niiX version v1.0.20170724 (OpenJPEG build) GCC6.1.0 (64-bit MacOS)
Found 144 DICOM image(s)
Convert 144 DICOM as /Users/erin/Desktop/Projects/MRGFUS/dicoms/9001_SH-11692/6-Ax_SWAN_2_0-/20170527092154_6-Ax_SWAN_2_0- (512x512x144x1)
compress: "/usr/local/bin/pigz" -n -f "/Users/erin/Desktop/Projects/MRGFUS/dicoms/9001_SH-11692/6-Ax_SWAN_2_0-/20170527092154_6-Ax_SWAN_2_0-.nii"
Conversion required 1.310899 seconds (0.389222 for core code).
Chris Rorden's dcm2niiX version v1.0.20170724 (OpenJPEG build) GCC6.1.0 (64-bit MacOS)
Found 144 DICOM image(s)
Convert 144 DICOM as /Users/erin/Desktop/Projects/MRGFUS/dicoms/9001_SH-11692/600-FILT_PHA_Ax_SWAN_2_0-/20170527092154_600-FILT_PHA_Ax_SWAN_2_0- (512x512x144x1)
compress: "/usr/local/bin/pigz" -n -f "/Users/erin/Desktop/Projects/MRGFUS/dicoms/9001_SH-11692/600-FILT_PHA_Ax_SWAN_2_0-/20170527092154_600-FILT_PHA_Ax_SWAN_2_0-.nii"
Conversion required 1.139030 seconds (0.372513 for core code).
Chris Rorden's dcm2niiX version v1.0.20170724 (OpenJPEG build) GCC6.1.0 (64-bit MacOS)
Found 15 DICOM image(s)
Convert 15 DICOM as /Users/erin/Desktop/Projects/MRGFUS/dicoms/9001_SH-11692/601-MIN_IP-/20170527092154_601-MIN_IP- (512x512x15x1)
compress: "/usr/local/bin/pigz" -n -f "/Users/erin/Desktop/Projects/MRGFUS/dicoms/9001_SH-11692/601-MIN_IP-/20170527092154_601-MIN_IP-.nii"
Conversion required 0.110648 seconds (0.036742 for core code).
Chris Rorden's dcm2niiX version v1.0.20170724 (OpenJPEG build) GCC6.1.0 (64-bit MacOS)
Found 48 DICOM image(s)
Convert 48 DICOM as /Users/erin/Desktop/Projects/MRGFUS/dicoms/9001_SH-11692/7-Ax_FLAIR_3_0-/20170527092154_7-Ax_FLAIR_3_0- (512x512x48x1)
compress: "/usr/local/bin/pigz" -n -f "/Users/erin/Desktop/Projects/MRGFUS/dicoms/9001_SH-11692/7-Ax_FLAIR_3_0-/20170527092154_7-Ax_FLAIR_3_0-.nii"
Conversion required 0.872779 seconds (0.088260 for core code).
Chris Rorden's dcm2niiX version v1.0.20170724 (OpenJPEG build) GCC6.1.0 (64-bit MacOS)
Found 3648 DICOM image(s)
Saving 48 DTI gradients. GE Reorienting DWI_45dir_2mm_(ASSET) : please validate. isCol=1 sliceDir=3 flp=0 0 1
Convert 3648 DICOM as /Users/erin/Desktop/Projects/MRGFUS/dicoms/9001_SH-11692/11-DWI_45dir_2mm_(ASSET)-/20170527092154_11-DWI_45dir_2mm_(ASSET)- (120x120x76x48)
compress: "/usr/local/bin/pigz" -n -f "/Users/erin/Desktop/Projects/MRGFUS/dicoms/9001_SH-11692/11-DWI_45dir_2mm_(ASSET)-/20170527092154_11-DWI_45dir_2mm_(ASSET)-.nii"
Conversion required 6.303307 seconds (1.673444 for core code).
Chris Rorden's dcm2niiX version v1.0.20170724 (OpenJPEG build) GCC6.1.0 (64-bit MacOS)
Found 684 DICOM image(s)
Saving 9 DTI gradients. GE Reorienting DWI_PE-REV_2mm_(ASSET) : please validate. isCol=1 sliceDir=3 flp=0 0 1
Convert 684 DICOM as /Users/erin/Desktop/Projects/MRGFUS/dicoms/9001_SH-11692/12-DWI_PE-REV_2mm_(ASSET)-/20170527092154_12-DWI_PE-REV_2mm_(ASSET)- (120x120x76x9)
compress: "/usr/local/bin/pigz" -n -f "/Users/erin/Desktop/Projects/MRGFUS/dicoms/9001_SH-11692/12-DWI_PE-REV_2mm_(ASSET)-/20170527092154_12-DWI_PE-REV_2mm_(ASSET)-.nii"
Conversion required 0.961048 seconds (0.298766 for core code).
0 120 0 120 0 76
0 slices processed
1 slices processed
2 slices processed
3 slices processed
4 slices processed
5 slices processed
6 slices processed
7 slices processed
8 slices processed
9 slices processed
10 slices processed
11 slices processed
12 slices processed
13 slices processed
14 slices processed
15 slices processed
16 slices processed
17 slices processed
18 slices processed
19 slices processed
20 slices processed
21 slices processed
22 slices processed
23 slices processed
24 slices processed
25 slices processed
26 slices processed
27 slices processed
28 slices processed
29 slices processed
30 slices processed
31 slices processed
32 slices processed
33 slices processed
34 slices processed
35 slices processed
36 slices processed
37 slices processed
38 slices processed
39 slices processed
40 slices processed
41 slices processed
42 slices processed
43 slices processed
44 slices processed
45 slices processed
46 slices processed
47 slices processed
48 slices processed
49 slices processed
50 slices processed
51 slices processed
52 slices processed
53 slices processed
54 slices processed
55 slices processed
56 slices processed
57 slices processed
58 slices processed
59 slices processed
60 slices processed
61 slices processed
62 slices processed
63 slices processed
64 slices processed
65 slices processed
66 slices processed
67 slices processed
68 slices processed
69 slices processed
70 slices processed
71 slices processed
72 slices processed
73 slices processed
74 slices processed
75 slices processed
Chris Rorden's dcm2niiX version v1.0.20170724 (OpenJPEG build) GCC6.1.0 (64-bit MacOS)
Found 10575 DICOM image(s)
Convert 10575 DICOM as /Users/erin/Desktop/Projects/MRGFUS/dicoms/9001_SH-11692/14-rsBOLD-/20170527092154_14-rsBOLD- (128x128x45x235)
compress: "/usr/local/bin/pigz" -n -f "/Users/erin/Desktop/Projects/MRGFUS/dicoms/9001_SH-11692/14-rsBOLD-/20170527092154_14-rsBOLD-.nii"
Conversion required 13.562073 seconds (3.637125 for core code).
9001_SH-11692,20170527,MRgFUS Post-Treatment-(ZK_FMC_MRGFUS_11692) ,NO,NO,NO,NO,6.300009 ,113.703811 ,32.815809 ,0.0456392,0.00253189
